# JRE version: OpenJDK Runtime Environment (8.0_112-b06) (build 1.8.0_112-release-b06)
# Java VM: OpenJDK 64-Bit Server VM (25.112-b06 mixed mode linux-amd64 compressed oops)
Heap:
 PSYoungGen      total 133632K, used 108536K [0x00000000e0000000, 0x00000000ea780000, 0x0000000100000000)
  eden space 123392K, 87% used [0x00000000e0000000,0x00000000e69fe2e0,0x00000000e7880000)
  from space 10240K, 0% used [0x00000000e8400000,0x00000000e8400000,0x00000000e8e00000)
  to   space 11776K, 0% used [0x00000000e7880000,0x00000000e7880000,0x00000000e8400000)
 ParOldGen       total 69120K, used 15759K [0x00000000a0000000, 0x00000000a4380000, 0x00000000e0000000)
  object space 69120K, 22% used [0x00000000a0000000,0x00000000a0f63dc0,0x00000000a4380000)
 Metaspace       used 42864K, capacity 43686K, committed 43904K, reserved 1087488K
  class space    used 5724K, capacity 5932K, committed 6016K, reserved 1048576K
GC Heap History (10 events):
Event: 3,120 GC heap before
{Heap before GC invocations=6 (full 1):
 PSYoungGen      total 51712K, used 3560K [0x00000000e0000000, 0x00000000e7100000, 0x0000000100000000)
  eden space 48128K, 0% used [0x00000000e0000000,0x00000000e0000000,0x00000000e2f00000)
  from space 3584K, 99% used [0x00000000e2f00000,0x00000000e327a0c0,0x00000000e3280000)
  to   space 9728K, 0% used [0x00000000e6780000,0x00000000e6780000,0x00000000e7100000)
 ParOldGen       total 62976K, used 10556K [0x00000000a0000000, 0x00000000a3d80000, 0x00000000e0000000)
  object space 62976K, 16% used [0x00000000a0000000,0x00000000a0a4f090,0x00000000a3d80000)
 Metaspace       used 20794K, capacity 21126K, committed 21296K, reserved 1067008K
  class space    used 2761K, capacity 2871K, committed 2944K, reserved 1048576K
Event: 3,159 GC heap after
Heap after GC invocations=6 (full 1):
 PSYoungGen      total 51712K, used 0K [0x00000000e0000000, 0x00000000e7100000, 0x0000000100000000)
  eden space 48128K, 0% used [0x00000000e0000000,0x00000000e0000000,0x00000000e2f00000)
  from space 3584K, 0% used [0x00000000e2f00000,0x00000000e2f00000,0x00000000e3280000)
  to   space 9728K, 0% used [0x00000000e6780000,0x00000000e6780000,0x00000000e7100000)
 ParOldGen       total 48128K, used 9108K [0x00000000a0000000, 0x00000000a2f00000, 0x00000000e0000000)
  object space 48128K, 18% used [0x00000000a0000000,0x00000000a08e5148,0x00000000a2f00000)
 Metaspace       used 20768K, capacity 21038K, committed 21296K, reserved 1067008K
  class space    used 2753K, capacity 2863K, committed 2944K, reserved 1048576K
}
Event: 4,264 GC heap before
{Heap before GC invocations=7 (full 1):
 PSYoungGen      total 51712K, used 48128K [0x00000000e0000000, 0x00000000e7100000, 0x0000000100000000)
  eden space 48128K, 100% used [0x00000000e0000000,0x00000000e2f00000,0x00000000e2f00000)
  from space 3584K, 0% used [0x00000000e2f00000,0x00000000e2f00000,0x00000000e3280000)
  to   space 9728K, 0% used [0x00000000e6780000,0x00000000e6780000,0x00000000e7100000)
 ParOldGen       total 48128K, used 9108K [0x00000000a0000000, 0x00000000a2f00000, 0x00000000e0000000)
  object space 48128K, 18% used [0x00000000a0000000,0x00000000a08e5148,0x00000000a2f00000)
 Metaspace       used 26445K, capacity 26884K, committed 27264K, reserved 1073152K
  class space    used 3504K, capacity 3627K, committed 3712K, reserved 1048576K
Event: 4,277 GC heap after
Heap after GC invocations=7 (full 1):
 PSYoungGen      total 84992K, used 6872K [0x00000000e0000000, 0x00000000e6e80000, 0x0000000100000000)
  eden space 77824K, 0% used [0x00000000e0000000,0x00000000e0000000,0x00000000e4c00000)
  from space 7168K, 95% used [0x00000000e6780000,0x00000000e6e36228,0x00000000e6e80000)
  to   space 9728K, 0% used [0x00000000e5b80000,0x00000000e5b80000,0x00000000e6500000)
 ParOldGen       total 48128K, used 9116K [0x00000000a0000000, 0x00000000a2f00000, 0x00000000e0000000)
  object space 48128K, 18% used [0x00000000a0000000,0x00000000a08e7148,0x00000000a2f00000)
 Metaspace       used 26445K, capacity 26884K, committed 27264K, reserved 1073152K
  class space    used 3504K, capacity 3627K, committed 3712K, reserved 1048576K
}
Event: 6,499 GC heap before
{Heap before GC invocations=8 (full 1):
 PSYoungGen      total 84992K, used 84696K [0x00000000e0000000, 0x00000000e6e80000, 0x0000000100000000)
  eden space 77824K, 100% used [0x00000000e0000000,0x00000000e4c00000,0x00000000e4c00000)
  from space 7168K, 95% used [0x00000000e6780000,0x00000000e6e36228,0x00000000e6e80000)
  to   space 9728K, 0% used [0x00000000e5b80000,0x00000000e5b80000,0x00000000e6500000)
 ParOldGen       total 48128K, used 9116K [0x00000000a0000000, 0x00000000a2f00000, 0x00000000e0000000)
  object space 48128K, 18% used [0x00000000a0000000,0x00000000a08e7148,0x00000000a2f00000)
 Metaspace       used 31081K, capacity 31476K, committed 31744K, reserved 1077248K
  class space    used 4156K, capacity 4281K, committed 4352K, reserved 1048576K
Event: 6,532 GC heap after
Heap after GC invocations=8 (full 1):
 PSYoungGen      total 103424K, used 8386K [0x00000000e0000000, 0x00000000e8e00000, 0x0000000100000000)
  eden space 93696K, 0% used [0x00000000e0000000,0x00000000e0000000,0x00000000e5b80000)
  from space 9728K, 86% used [0x00000000e5b80000,0x00000000e63b0aa0,0x00000000e6500000)
  to   space 10240K, 0% used [0x00000000e8400000,0x00000000e8400000,0x00000000e8e00000)
 ParOldGen       total 48128K, used 9124K [0x00000000a0000000, 0x00000000a2f00000, 0x00000000e0000000)
  object space 48128K, 18% used [0x00000000a0000000,0x00000000a08e9148,0x00000000a2f00000)
 Metaspace       used 31081K, capacity 31476K, committed 31744K, reserved 1077248K
  class space    used 4156K, capacity 4281K, committed 4352K, reserved 1048576K
}
Event: 8,492 GC heap before
{Heap before GC invocations=9 (full 1):
 PSYoungGen      total 103424K, used 48795K [0x00000000e0000000, 0x00000000e8e00000, 0x0000000100000000)
  eden space 93696K, 43% used [0x00000000e0000000,0x00000000e2776540,0x00000000e5b80000)
  from space 9728K, 86% used [0x00000000e5b80000,0x00000000e63b0aa0,0x00000000e6500000)
  to   space 10240K, 0% used [0x00000000e8400000,0x00000000e8400000,0x00000000e8e00000)
 ParOldGen       total 48128K, used 9124K [0x00000000a0000000, 0x00000000a2f00000, 0x00000000e0000000)
  object space 48128K, 18% used [0x00000000a0000000,0x00000000a08e9148,0x00000000a2f00000)
 Metaspace       used 34882K, capacity 35386K, committed 35496K, reserved 1079296K
  class space    used 4615K, capacity 4799K, committed 4864K, reserved 1048576K
Event: 8,515 GC heap after
Heap after GC invocations=9 (full 1):
 PSYoungGen      total 133632K, used 9908K [0x00000000e0000000, 0x00000000ea780000, 0x0000000100000000)
  eden space 123392K, 0% used [0x00000000e0000000,0x00000000e0000000,0x00000000e7880000)
  from space 10240K, 96% used [0x00000000e8400000,0x00000000e8dad0c8,0x00000000e8e00000)
  to   space 11776K, 0% used [0x00000000e7880000,0x00000000e7880000,0x00000000e8400000)
 ParOldGen       total 48128K, used 9196K [0x00000000a0000000, 0x00000000a2f00000, 0x00000000e0000000)
  object space 48128K, 19% used [0x00000000a0000000,0x00000000a08fb158,0x00000000a2f00000)
 Metaspace       used 34882K, capacity 35386K, committed 35496K, reserved 1079296K
  class space    used 4615K, capacity 4799K, committed 4864K, reserved 1048576K
}
Event: 8,515 GC heap before
{Heap before GC invocations=10 (full 2):
 PSYoungGen      total 133632K, used 9908K [0x00000000e0000000, 0x00000000ea780000, 0x0000000100000000)
  eden space 123392K, 0% used [0x00000000e0000000,0x00000000e0000000,0x00000000e7880000)
  from space 10240K, 96% used [0x00000000e8400000,0x00000000e8dad0c8,0x00000000e8e00000)
  to   space 11776K, 0% used [0x00000000e7880000,0x00000000e7880000,0x00000000e8400000)
 ParOldGen       total 48128K, used 9196K [0x00000000a0000000, 0x00000000a2f00000, 0x00000000e0000000)
  object space 48128K, 19% used [0x00000000a0000000,0x00000000a08fb158,0x00000000a2f00000)
 Metaspace       used 34882K, capacity 35386K, committed 35496K, reserved 1079296K
  class space    used 4615K, capacity 4799K, committed 4864K, reserved 1048576K
Event: 8,595 GC heap after
Heap after GC invocations=10 (full 2):
 PSYoungGen      total 133632K, used 0K [0x00000000e0000000, 0x00000000ea780000, 0x0000000100000000)
  eden space 123392K, 0% used [0x00000000e0000000,0x00000000e0000000,0x00000000e7880000)
  from space 10240K, 0% used [0x00000000e8400000,0x00000000e8400000,0x00000000e8e00000)
  to   space 11776K, 0% used [0x00000000e7880000,0x00000000e7880000,0x00000000e8400000)
 ParOldGen       total 69120K, used 15759K [0x00000000a0000000, 0x00000000a4380000, 0x00000000e0000000)
  object space 69120K, 22% used [0x00000000a0000000,0x00000000a0f63dc0,0x00000000a4380000)
 Metaspace       used 34882K, capacity 35386K, committed 35496K, reserved 1079296K
  class space    used 4615K, capacity 4799K, committed 4864K, reserved 1048576K
}

